生成启动时间为 2018/4/14 11:49:59。
     1>项目“F:\研究生毕设\寒假前学校资料\网络拓扑可视化项目20180202\网络拓扑可视化项目——长期 2016.5\jichengnewDiannao0\凸包提取\geometry.vcxproj”在节点 2 上(build 个目标)。
     1>InitializeBuildStatus:
         正在创建“Debug\geometry.unsuccessfulbuild”，因为已指定“AlwaysCreate”。
       ClCompile:
         E:\vs2010\VC\bin\CL.exe /c /ZI /nologo /W3 /WX- /Od /Oy- /D _MBCS /Gm /EHsc /RTC1 /MDd /GS /fp:precise /Zc:wchar_t /Zc:forScope /Fo"Debug\\" /Fd"Debug\vc100.pdb" /Gd /TP /analyze- /errorReport:prompt main.cpp
         main.cpp
       Link:
         E:\vs2010\VC\bin\link.exe /ERRORREPORT:PROMPT /OUT:"F:\研究生毕设\寒假前学校资料\网络拓扑可视化项目20180202\网络拓扑可视化项目——长期 2016.5\jichengnewDiannao0\凸包提取\Debug\geometry.exe" /NOLOGO glut32.lib kernel32.lib user32.lib gdi32.lib winspool.lib comdlg32.lib advapi32.lib shell32.lib ole32.lib oleaut32.lib uuid.lib odbc32.lib odbccp32.lib /MANIFEST /ManifestFile:"Debug\geometry.exe.intermediate.manifest" /MANIFESTUAC:"level='asInvoker' uiAccess='false'" /DEBUG /PDB:"F:\研究生毕设\寒假前学校资料\网络拓扑可视化项目20180202\网络拓扑可视化项目——长期 2016.5\jichengnewDiannao0\凸包提取\Debug\geometry.pdb" /TLBID:1 /DYNAMICBASE /NXCOMPAT /IMPLIB:"F:\研究生毕设\寒假前学校资料\网络拓扑可视化项目20180202\网络拓扑可视化项目——长期 2016.5\jichengnewDiannao0\凸包提取\Debug\geometry.lib" /MACHINE:X86 Debug\main.obj
         Debug\polygon_area.obj
         LINK : 没有找到 F:\研究生毕设\寒假前学校资料\网络拓扑可视化项目20180202\网络拓扑可视化项目——长期 2016.5\jichengnewDiannao0\凸包提取\Debug\geometry.exe 或上一个增量链接没有生成它；正在执行完全链接
         geometry.vcxproj -> F:\研究生毕设\寒假前学校资料\网络拓扑可视化项目20180202\网络拓扑可视化项目——长期 2016.5\jichengnewDiannao0\凸包提取\Debug\geometry.exe
       Manifest:
         C:\Program Files (x86)\Microsoft SDKs\Windows\v7.0A\bin\mt.exe /nologo /verbose /outputresource:"F:\研究生毕设\寒假前学校资料\网络拓扑可视化项目20180202\网络拓扑可视化项目——长期 2016.5\jichengnewDiannao0\凸包提取\Debug\geometry.exe;#1" /manifest Debug\geometry.exe.intermediate.manifest
       FinalizeBuildStatus:
         正在删除文件“Debug\geometry.unsuccessfulbuild”。
         正在对“Debug\geometry.lastbuildstate”执行 Touch 任务。
     1>已完成生成项目“F:\研究生毕设\寒假前学校资料\网络拓扑可视化项目20180202\网络拓扑可视化项目——长期 2016.5\jichengnewDiannao0\凸包提取\geometry.vcxproj”(build 个目标)的操作。

生成成功。

已用时间 00:00:03.51
